# JRE version: OpenJDK Runtime Environment Temurin-21.0.6+7 (21.0.6+7) (build 21.0.6+7-LTS)
# Java VM: OpenJDK 64-Bit Server VM Temurin-21.0.6+7 (21.0.6+7-LTS, mixed mode, sharing, tiered, compressed oops, compressed class ptrs, g1 gc, windows-amd64)
GC Precious Log:
 CardTable entry size: 512
 Card Set container configuration: InlinePtr #cards 5 size 8 Array Of Cards #cards 12 size 40 Howl #buckets 4 coarsen threshold 1843 Howl Bitmap #cards 512 size 80 coarsen threshold 460 Card regions per heap region 1 cards per card region 2048
 CPUs: 8 total, 8 available
 Memory: 16230M
 Large Page Support: Disabled
 NUMA Support: Disabled
 Compressed Oops: Enabled (32-bit)
 Heap Region Size: 1M
 Heap Min Capacity: 256M
 Heap Initial Capacity: 256M
 Heap Max Capacity: 512M
 Pre-touch: Disabled
 Parallel Workers: 8
 Concurrent Workers: 2
 Concurrent Refinement Workers: 8
 Periodic GC: Disabled
Heap:
 garbage-first heap   total 262144K, used 135712K [0x00000000e0000000, 0x0000000100000000)
  region size 1024K, 62 young (63488K), 9 survivors (9216K)
 Metaspace       used 69371K, committed 71744K, reserved 393216K
  class space    used 9777K, committed 10944K, reserved 327680K
GC Heap History (18 events):
Event: 0.617 GC heap before
{Heap before GC invocations=0 (full 0):
 garbage-first heap   total 262144K, used 26624K [0x00000000e0000000, 0x0000000100000000)
  region size 1024K, 23 young (23552K), 0 survivors (0K)
 Metaspace       used 3238K, committed 3392K, reserved 393216K
  class space    used 405K, committed 448K, reserved 327680K
}
Event: 0.621 GC heap after
{Heap after GC invocations=1 (full 0):
 garbage-first heap   total 262144K, used 10357K [0x00000000e0000000, 0x0000000100000000)
  region size 1024K, 3 young (3072K), 3 survivors (3072K)
 Metaspace       used 3238K, committed 3392K, reserved 393216K
  class space    used 405K, committed 448K, reserved 327680K
}
Event: 0.966 GC heap before
{Heap before GC invocations=1 (full 0):
 garbage-first heap   total 262144K, used 40053K [0x00000000e0000000, 0x0000000100000000)
  region size 1024K, 32 young (32768K), 3 survivors (3072K)
 Metaspace       used 4137K, committed 4288K, reserved 393216K
  class space    used 496K, committed 576K, reserved 327680K
}
Event: 0.970 GC heap after
{Heap after GC invocations=2 (full 0):
 garbage-first heap   total 262144K, used 11300K [0x00000000e0000000, 0x0000000100000000)
  region size 1024K, 1 young (1024K), 1 survivors (1024K)
 Metaspace       used 4137K, committed 4288K, reserved 393216K
  class space    used 496K, committed 576K, reserved 327680K
}
Event: 2.846 GC heap before
{Heap before GC invocations=2 (full 0):
 garbage-first heap   total 262144K, used 117796K [0x00000000e0000000, 0x0000000100000000)
  region size 1024K, 106 young (108544K), 1 survivors (1024K)
 Metaspace       used 20837K, committed 21504K, reserved 393216K
  class space    used 3001K, committed 3328K, reserved 327680K
}
Event: 2.856 GC heap after
{Heap after GC invocations=3 (full 0):
 garbage-first heap   total 262144K, used 22972K [0x00000000e0000000, 0x0000000100000000)
  region size 1024K, 13 young (13312K), 13 survivors (13312K)
 Metaspace       used 20837K, committed 21504K, reserved 393216K
  class space    used 3001K, committed 3328K, reserved 327680K
}
Event: 4.014 GC heap before
{Heap before GC invocations=4 (full 0):
 garbage-first heap   total 262144K, used 128444K [0x00000000e0000000, 0x0000000100000000)
  region size 1024K, 118 young (120832K), 13 survivors (13312K)
 Metaspace       used 34843K, committed 35968K, reserved 393216K
  class space    used 4942K, committed 5504K, reserved 327680K
}
Event: 4.028 GC heap after
{Heap after GC invocations=5 (full 0):
 garbage-first heap   total 262144K, used 31403K [0x00000000e0000000, 0x0000000100000000)
  region size 1024K, 9 young (9216K), 9 survivors (9216K)
 Metaspace       used 34843K, committed 35968K, reserved 393216K
  class space    used 4942K, committed 5504K, reserved 327680K
}
Event: 6.037 GC heap before
{Heap before GC invocations=6 (full 0):
 garbage-first heap   total 262144K, used 185003K [0x00000000e0000000, 0x0000000100000000)
  region size 1024K, 153 young (156672K), 9 survivors (9216K)
 Metaspace       used 51191K, committed 52992K, reserved 393216K
  class space    used 7361K, committed 8256K, reserved 327680K
}
Event: 6.051 GC heap after
{Heap after GC invocations=7 (full 0):
 garbage-first heap   total 262144K, used 41883K [0x00000000e0000000, 0x0000000100000000)
  region size 1024K, 19 young (19456K), 19 survivors (19456K)
 Metaspace       used 51191K, committed 52992K, reserved 393216K
  class space    used 7361K, committed 8256K, reserved 327680K
}
Event: 7.861 GC heap before
{Heap before GC invocations=7 (full 0):
 garbage-first heap   total 262144K, used 178075K [0x00000000e0000000, 0x0000000100000000)
  region size 1024K, 153 young (156672K), 19 survivors (19456K)
 Metaspace       used 57246K, committed 59200K, reserved 393216K
  class space    used 8139K, committed 9088K, reserved 327680K
}
Event: 7.883 GC heap after
{Heap after GC invocations=8 (full 0):
 garbage-first heap   total 262144K, used 59042K [0x00000000e0000000, 0x0000000100000000)
  region size 1024K, 17 young (17408K), 17 survivors (17408K)
 Metaspace       used 57246K, committed 59200K, reserved 393216K
  class space    used 8139K, committed 9088K, reserved 327680K
}
Event: 8.150 GC heap before
{Heap before GC invocations=8 (full 0):
 garbage-first heap   total 262144K, used 78498K [0x00000000e0000000, 0x0000000100000000)
  region size 1024K, 37 young (37888K), 17 survivors (17408K)
 Metaspace       used 58327K, committed 60288K, reserved 393216K
  class space    used 8301K, committed 9280K, reserved 327680K
}
Event: 8.164 GC heap after
{Heap after GC invocations=9 (full 0):
 garbage-first heap   total 262144K, used 61458K [0x00000000e0000000, 0x0000000100000000)
  region size 1024K, 4 young (4096K), 4 survivors (4096K)
 Metaspace       used 58327K, committed 60288K, reserved 393216K
  class space    used 8301K, committed 9280K, reserved 327680K
}
Event: 10.151 GC heap before
{Heap before GC invocations=10 (full 0):
 garbage-first heap   total 262144K, used 213010K [0x00000000e0000000, 0x0000000100000000)
  region size 1024K, 153 young (156672K), 4 survivors (4096K)
 Metaspace       used 63633K, committed 65856K, reserved 393216K
  class space    used 8912K, committed 9984K, reserved 327680K
}
Event: 10.164 GC heap after
{Heap after GC invocations=11 (full 0):
 garbage-first heap   total 262144K, used 75320K [0x00000000e0000000, 0x0000000100000000)
  region size 1024K, 17 young (17408K), 17 survivors (17408K)
 Metaspace       used 63633K, committed 65856K, reserved 393216K
  class space    used 8912K, committed 9984K, reserved 327680K
}
Event: 11.580 GC heap before
{Heap before GC invocations=11 (full 0):
 garbage-first heap   total 262144K, used 213560K [0x00000000e0000000, 0x0000000100000000)
  region size 1024K, 153 young (156672K), 17 survivors (17408K)
 Metaspace       used 67298K, committed 69760K, reserved 393216K
  class space    used 9478K, committed 10688K, reserved 327680K
}
Event: 11.595 GC heap after
{Heap after GC invocations=12 (full 0):
 garbage-first heap   total 262144K, used 79392K [0x00000000e0000000, 0x0000000100000000)
  region size 1024K, 9 young (9216K), 9 survivors (9216K)
 Metaspace       used 67298K, committed 69760K, reserved 393216K
  class space    used 9478K, committed 10688K, reserved 327680K
}

